<?xml version="1.0" encoding="utf-8"?>
<TestRun id="0453c274-a27b-4f3e-95da-fa19ff23c4ff" name="MSI@LYRICSON 2025-12-14 01:31:47" runUser="LYRICSON\MSI" xmlns="http://microsoft.com/schemas/VisualStudio/TeamTest/2010">
  <Times creation="2025-12-14T01:31:47.1178574+01:00" queuing="2025-12-14T01:31:47.1178577+01:00" start="2025-12-14T01:31:46.2362462+01:00" finish="2025-12-14T01:31:47.1236131+01:00" />
  <TestSettings name="default" id="fbcd0c21-f54c-4e6c-810f-8c8f4c034fb2">
    <Deployment runDeploymentRoot="MSI_LYRICSON_2025-12-14_01_31_47" />
  </TestSettings>
  <Results>
    <UnitTestResult executionId="e790c792-676b-4a4f-8bbe-956874f535ec" testId="4792032d-8134-e204-678b-51d27dd762ea" testName="Elearning.Api.UnitTests.Dtos.AuthDtosValidationTests.LoginRequestDto_RequiresEmailAndPassword" computerName="LYRICSON" duration="00:00:00.0005981" startTime="2025-12-14T01:31:46.9638675+01:00" endTime="2025-12-14T01:31:46.9639464+01:00" testType="13cdc9d9-ddb5-4fa4-a97d-d965ccfc6d4b" outcome="Passed" testListId="8c84fa94-04c1-424b-9868-57a2d4851a1d" relativeResultsDirectory="e790c792-676b-4a4f-8bbe-956874f535ec" />
    <UnitTestResult executionId="8826fdd0-abcc-4db6-999f-8e7fe9e18fd7" testId="5ac56321-68a8-1753-d539-00615498e049" testName="Elearning.Api.UnitTests.Dtos.AuthDtosValidationTests.RegisterRequestDto_RejectsInvalidRole" computerName="LYRICSON" duration="00:00:00.0110302" startTime="2025-12-14T01:31:46.9376330+01:00" endTime="2025-12-14T01:31:46.9554133+01:00" testType="13cdc9d9-ddb5-4fa4-a97d-d965ccfc6d4b" outcome="Passed" testListId="8c84fa94-04c1-424b-9868-57a2d4851a1d" relativeResultsDirectory="8826fdd0-abcc-4db6-999f-8e7fe9e18fd7" />
    <UnitTestResult executionId="ecdf1f17-df5d-4e09-9f58-6467f4baea3c" testId="28353f34-b024-38a3-ccd8-afd07c8cb7c0" testName="Elearning.Api.UnitTests.Auth.AuthControllerTests.Register_ReturnsBadRequest_WhenRoleIsNotStudentOrInstructor" computerName="LYRICSON" duration="00:00:00.0599515" startTime="2025-12-14T01:31:46.9388290+01:00" endTime="2025-12-14T01:31:47.0025037+01:00" testType="13cdc9d9-ddb5-4fa4-a97d-d965ccfc6d4b" outcome="Passed" testListId="8c84fa94-04c1-424b-9868-57a2d4851a1d" relativeResultsDirectory="ecdf1f17-df5d-4e09-9f58-6467f4baea3c" />
    <UnitTestResult executionId="84a008df-d826-4466-9f27-a6fc0efc3321" testId="be3319e6-46ce-9239-2619-c1e245d2c722" testName="Elearning.Api.UnitTests.Auth.AuthControllerTests.Login_ReturnsUnauthorized_WhenUserNotFound" computerName="LYRICSON" duration="00:00:00.0148685" startTime="2025-12-14T01:31:47.0027923+01:00" endTime="2025-12-14T01:31:47.0174542+01:00" testType="13cdc9d9-ddb5-4fa4-a97d-d965ccfc6d4b" outcome="Passed" testListId="8c84fa94-04c1-424b-9868-57a2d4851a1d" relativeResultsDirectory="84a008df-d826-4466-9f27-a6fc0efc3321" />
  </Results>
  <TestDefinitions>
    <UnitTest name="Elearning.Api.UnitTests.Auth.AuthControllerTests.Register_ReturnsBadRequest_WhenRoleIsNotStudentOrInstructor" storage="c:\users\msi\desktop\iit2glid\elearningplatform\elearning.dotnettests\elearning.api.unittests\bin\release\net8.0\elearning.api.unittests.dll" id="28353f34-b024-38a3-ccd8-afd07c8cb7c0">
      <Execution id="ecdf1f17-df5d-4e09-9f58-6467f4baea3c" />
      <TestMethod codeBase="C:\Users\MSI\Desktop\IIT2GLID\ElearningPlatform\Elearning.DotNetTests\Elearning.Api.UnitTests\bin\Release\net8.0\Elearning.Api.UnitTests.dll" adapterTypeName="executor://xunit/VsTestRunner3/netcore/" className="Elearning.Api.UnitTests.Auth.AuthControllerTests" name="Register_ReturnsBadRequest_WhenRoleIsNotStudentOrInstructor" />
    </UnitTest>
    <UnitTest name="Elearning.Api.UnitTests.Dtos.AuthDtosValidationTests.RegisterRequestDto_RejectsInvalidRole" storage="c:\users\msi\desktop\iit2glid\elearningplatform\elearning.dotnettests\elearning.api.unittests\bin\release\net8.0\elearning.api.unittests.dll" id="5ac56321-68a8-1753-d539-00615498e049">
      <Execution id="8826fdd0-abcc-4db6-999f-8e7fe9e18fd7" />
      <TestMethod codeBase="C:\Users\MSI\Desktop\IIT2GLID\ElearningPlatform\Elearning.DotNetTests\Elearning.Api.UnitTests\bin\Release\net8.0\Elearning.Api.UnitTests.dll" adapterTypeName="executor://xunit/VsTestRunner3/netcore/" className="Elearning.Api.UnitTests.Dtos.AuthDtosValidationTests" name="RegisterRequestDto_RejectsInvalidRole" />
    </UnitTest>
    <UnitTest name="Elearning.Api.UnitTests.Dtos.AuthDtosValidationTests.LoginRequestDto_RequiresEmailAndPassword" storage="c:\users\msi\desktop\iit2glid\elearningplatform\elearning.dotnettests\elearning.api.unittests\bin\release\net8.0\elearning.api.unittests.dll" id="4792032d-8134-e204-678b-51d27dd762ea">
      <Execution id="e790c792-676b-4a4f-8bbe-956874f535ec" />
      <TestMethod codeBase="C:\Users\MSI\Desktop\IIT2GLID\ElearningPlatform\Elearning.DotNetTests\Elearning.Api.UnitTests\bin\Release\net8.0\Elearning.Api.UnitTests.dll" adapterTypeName="executor://xunit/VsTestRunner3/netcore/" className="Elearning.Api.UnitTests.Dtos.AuthDtosValidationTests" name="LoginRequestDto_RequiresEmailAndPassword" />
    </UnitTest>
    <UnitTest name="Elearning.Api.UnitTests.Auth.AuthControllerTests.Login_ReturnsUnauthorized_WhenUserNotFound" storage="c:\users\msi\desktop\iit2glid\elearningplatform\elearning.dotnettests\elearning.api.unittests\bin\release\net8.0\elearning.api.unittests.dll" id="be3319e6-46ce-9239-2619-c1e245d2c722">
      <Execution id="84a008df-d826-4466-9f27-a6fc0efc3321" />
      <TestMethod codeBase="C:\Users\MSI\Desktop\IIT2GLID\ElearningPlatform\Elearning.DotNetTests\Elearning.Api.UnitTests\bin\Release\net8.0\Elearning.Api.UnitTests.dll" adapterTypeName="executor://xunit/VsTestRunner3/netcore/" className="Elearning.Api.UnitTests.Auth.AuthControllerTests" name="Login_ReturnsUnauthorized_WhenUserNotFound" />
    </UnitTest>
  </TestDefinitions>
  <TestEntries>
    <TestEntry testId="4792032d-8134-e204-678b-51d27dd762ea" executionId="e790c792-676b-4a4f-8bbe-956874f535ec" testListId="8c84fa94-04c1-424b-9868-57a2d4851a1d" />
    <TestEntry testId="5ac56321-68a8-1753-d539-00615498e049" executionId="8826fdd0-abcc-4db6-999f-8e7fe9e18fd7" testListId="8c84fa94-04c1-424b-9868-57a2d4851a1d" />
    <TestEntry testId="28353f34-b024-38a3-ccd8-afd07c8cb7c0" executionId="ecdf1f17-df5d-4e09-9f58-6467f4baea3c" testListId="8c84fa94-04c1-424b-9868-57a2d4851a1d" />
    <TestEntry testId="be3319e6-46ce-9239-2619-c1e245d2c722" executionId="84a008df-d826-4466-9f27-a6fc0efc3321" testListId="8c84fa94-04c1-424b-9868-57a2d4851a1d" />
  </TestEntries>
  <TestLists>
    <TestList name="Les résultats ne figurent pas dans une liste" id="8c84fa94-04c1-424b-9868-57a2d4851a1d" />
    <TestList name="Tous les résultats chargés" id="19431567-8539-422a-85d7-44ee4e166bda" />
  </TestLists>
  <ResultSummary outcome="Completed">
    <Counters total="4" executed="4" passed="4" failed="0" error="0" timeout="0" aborted="0" inconclusive="0" passedButRunAborted="0" notRunnable="0" notExecuted="0" disconnected="0" warning="0" completed="0" inProgress="0" pending="0" />
    <Output>
      <StdOut>[xUnit.net 00:00:00.00] xUnit.net VSTest Adapter v3.1.4+50e68bbb8b (64-bit .NET 8.0.22)&#xD;
[xUnit.net 00:00:00.16]   Discovering: Elearning.Api.UnitTests&#xD;
[xUnit.net 00:00:00.20]   Discovered:  Elearning.Api.UnitTests&#xD;
[xUnit.net 00:00:00.22]   Starting:    Elearning.Api.UnitTests&#xD;
[xUnit.net 00:00:00.33]   Finished:    Elearning.Api.UnitTests&#xD;
</StdOut>
    </Output>
  </ResultSummary>
</TestRun>